<?xml version="1.0" encoding="UTF-8"?>
<!-- Generated by org.testng.reporters.JUnitReportReporter -->
<testsuite hostname="MSI_GF75" failures="0" tests="1" name="com.framework.tests.functional.LoginTest" time="56.820" errors="0" timestamp="2025-01-19T04:34:33 IST" skipped="0">
  <testcase classname="com.framework.tests.functional.LoginTest" name="testValidLogin" time="56.820"/>
  <system-out/>
</testsuite> <!-- com.framework.tests.functional.LoginTest -->
